<?xml version="1.0" encoding="UTF-8" ?>
<testsuite tests="5" failures="0" name="put.ai.games.cli.AppTest" time="0.243" errors="0" skipped="0">
  <properties>
[...]
</properties>
  <testcase classname="put.ai.games.cli.AppTest" name="tab" time="0.241"/>
  <testcase classname="put.ai.games.cli.AppTest" name="quot" time="0"/>
  <testcase classname="put.ai.games.cli.AppTest" name="space" time="0"/>
  <testcase classname="put.ai.games.cli.AppTest" name="eol" time="0.001"/>
  <testcase classname="put.ai.games.cli.AppTest" name="backspace" time="0.001"/>
</testsuite>